<?xml version="1.0" encoding="UTF-8"?>
<!-- Generated by org.testng.reporters.JUnitXMLReporter -->
<testsuite ignored="0" hostname="DESKTOP-HTHGA4V" failures="1" tests="7" name="Test" time="49.886" errors="0" timestamp="2024-11-23T22:50:01 IST">
  <testcase classname="testCases.TC001_AccountRegistrationTest" name="verify_account_registration" time="3.829"/>
  <testcase classname="testCases.TC002_LoginTests" name="verify_login" time="2.133"/>
  <testcase classname="testCases.TC003_LoginDDT" name="verify_loginDDT" time="2.762"/>
  <testcase classname="testCases.TC003_LoginDDT" name="verify_loginDDT" time="3.3"/>
  <testcase classname="testCases.TC003_LoginDDT" name="verify_loginDDT" time="2.687">
    <failure type="java.lang.AssertionError" message="expected [true] but found [false]">
      <![CDATA[java.lang.AssertionError: expected [true] but found [false]
at testCases.TC003_LoginDDT.verify_loginDDT(TC003_LoginDDT.java:55)
at java.base/java.util.ArrayList.forEach(ArrayList.java:1596)
... Removed 29 stack frames]]>
    </failure>
  </testcase> <!-- verify_loginDDT -->
  <testcase classname="testCases.TC003_LoginDDT" name="verify_loginDDT" time="12.117"/>
  <testcase classname="testCases.TC003_LoginDDT" name="verify_loginDDT" time="2.86"/>
</testsuite> <!-- Test -->
